Doing some work...
Doing some work...
Doing some work...
Doing some work...
Doing some work...
Doing some work...
Doing some work...
Doing some work...
Doing some work...
Doing some work...
Doing some work...
Doing some work...
Doing some work...
Doing some work...
Doing some work...
Doing some work...
Doing some work...
Doing some work...
Doing some work...
Doing some work...
Doing some work...
Doing some work...
Doing some work...
Doing some work...
Doing some work...
Doing some work...
Doing some work...
Doing some work...
Doing some work...
Doing some work...
Doing some work...
Doing some work...
Doing some work...
Doing some work...
Doing some work...
ok
Doing some work...
ok
Doing some work...
ok
Doing some work...
ok
Doing some work...
ok
Doing some work...
ok
Doing some work...
ok
Doing some work...
ok
Doing some work...
ok
Doing some work...
ok
Doing some work...
ok
Doing some work...
ok
Doing some work...
ok
Doing some work...
ok
Doing some work...
ok
Doing some work...
ok
Doing some work...
ok
Doing some work...
ok
Doing some work...
ok
Doing some work...
ok
Doing some work...
ok
Doing some work...
ok
Doing some work...
ok
Doing some work...
ok
Doing some work...
ok
Doing some work...
ok
Doing some work...
ok
Doing some work...
ok
Doing some work...
ok
Doing some work...
ok
Doing some work...
ok
Doing some work...
ok
Doing some work...
ok
Doing some work...
ok
Doing some work...
ok
Doing some work...
Doing some work...
Doing some work...
Doing some work...
Doing some work...
Datasync started at Sat Feb 28 20:01:04 2015
Gethering database info...
Datasync started at Sat Feb 28 20:01:34 2015
Gethering database info...
Connection opened
Connection closed







Datasync started at Sat Feb 28 20:02:39 2015
Gethering database info...


Shutting down Cluster Scheduler
Datasync started at Sat Feb 28 20:02:56 2015
Gethering database info...
Connecting to cluster, contact points: ['localhost']; protocol version: 2
Host localhost is now marked up
[control connection] Opening new connection to localhost
Not sending options message for new connection(140499561757520) to localhost because compression is disabled and a cql version was not specified
Sending StartupMessage on <AsyncoreConnection(140499561757520) localhost:9042>
Sent StartupMessage on <AsyncoreConnection(140499561757520) localhost:9042>
Starting asyncore event loop
Got ReadyMessage on new connection (140499561757520) from localhost
[control connection] Established new connection <AsyncoreConnection(140499561757520) localhost:9042>, registering watchers and refreshing schema and topology
[control connection] Refreshing node list and token map using preloaded results
[control connection] Finished fetching ring info
[control connection] Rebuilding token map due to topology changes
[control connection] Attempting to use preloaded results for schema agreement
[control connection] Schemas match
[control connection] Fetched schema, rebuilding metadata
Control connection created
Initializing new connection pool for host localhost
Not sending options message for new connection(140499551067984) to localhost because compression is disabled and a cql version was not specified
Sending StartupMessage on <AsyncoreConnection(140499551067984) localhost:9042>
Sent StartupMessage on <AsyncoreConnection(140499551067984) localhost:9042>
Got ReadyMessage on new connection (140499551067984) from localhost
Not sending options message for new connection(140499551065552) to localhost because compression is disabled and a cql version was not specified
Sending StartupMessage on <AsyncoreConnection(140499551065552) localhost:9042>
Sent StartupMessage on <AsyncoreConnection(140499551065552) localhost:9042>
Got ReadyMessage on new connection (140499551065552) from localhost
Finished initializing new connection pool for host localhost
Added pool for host localhost to session
Connection opened
Shutting down Cluster Scheduler
Shutting down control connection
Closing connection (140499561757520) to localhost
Closed socket to localhost
Closing connection (140499551067984) to localhost
Closed socket to localhost
Closing connection (140499551065552) to localhost
Closed socket to localhost
Connection closed

Asyncore event loop ended

Waiting for event loop thread to join...
Event loop thread was joined
Shutting down Cluster Scheduler
Datasync started at Sat Feb 28 20:03:58 2015
Gethering database info...
Connecting to cluster, contact points: ['localhost']; protocol version: 2
Host localhost is now marked up
[control connection] Opening new connection to localhost
Not sending options message for new connection(140175708179280) to localhost because compression is disabled and a cql version was not specified
Sending StartupMessage on <AsyncoreConnection(140175708179280) localhost:9042>
Sent StartupMessage on <AsyncoreConnection(140175708179280) localhost:9042>
Starting asyncore event loop
Got ReadyMessage on new connection (140175708179280) from localhost
[control connection] Established new connection <AsyncoreConnection(140175708179280) localhost:9042>, registering watchers and refreshing schema and topology
[control connection] Refreshing node list and token map using preloaded results
[control connection] Finished fetching ring info
[control connection] Rebuilding token map due to topology changes
[control connection] Attempting to use preloaded results for schema agreement
[control connection] Schemas match
[control connection] Fetched schema, rebuilding metadata
Control connection created
Initializing new connection pool for host localhost
Not sending options message for new connection(140175694897872) to localhost because compression is disabled and a cql version was not specified
Sending StartupMessage on <AsyncoreConnection(140175694897872) localhost:9042>
Sent StartupMessage on <AsyncoreConnection(140175694897872) localhost:9042>
Got ReadyMessage on new connection (140175694897872) from localhost
Not sending options message for new connection(140175694899024) to localhost because compression is disabled and a cql version was not specified
Sending StartupMessage on <AsyncoreConnection(140175694899024) localhost:9042>
Sent StartupMessage on <AsyncoreConnection(140175694899024) localhost:9042>
Got ReadyMessage on new connection (140175694899024) from localhost
Finished initializing new connection pool for host localhost
Added pool for host localhost to session
Connection opened
Shutting down Cluster Scheduler
Shutting down control connection
Closing connection (140175708179280) to localhost
Closed socket to localhost
Closing connection (140175694897872) to localhost
Closed socket to localhost
Closing connection (140175694899024) to localhost
Closed socket to localhost
Connection closed

Asyncore event loop ended

Waiting for event loop thread to join...
Event loop thread was joined
Shutting down Cluster Scheduler
Datasync started at Sat Feb 28 20:16:07 2015
Gethering database info...
Connecting to cluster, contact points: ['localhost']; protocol version: 2
Host localhost is now marked up
[control connection] Opening new connection to localhost
Not sending options message for new connection(139651711384144) to localhost because compression is disabled and a cql version was not specified
Sending StartupMessage on <AsyncoreConnection(139651711384144) localhost:9042>
Sent StartupMessage on <AsyncoreConnection(139651711384144) localhost:9042>
Starting asyncore event loop
Got ReadyMessage on new connection (139651711384144) from localhost
[control connection] Established new connection <AsyncoreConnection(139651711384144) localhost:9042>, registering watchers and refreshing schema and topology
[control connection] Refreshing node list and token map using preloaded results
[control connection] Finished fetching ring info
[control connection] Rebuilding token map due to topology changes
[control connection] Attempting to use preloaded results for schema agreement
[control connection] Schemas match
[control connection] Fetched schema, rebuilding metadata
Control connection created
Initializing new connection pool for host localhost
Not sending options message for new connection(139651700671120) to localhost because compression is disabled and a cql version was not specified
Sending StartupMessage on <AsyncoreConnection(139651700671120) localhost:9042>
Sent StartupMessage on <AsyncoreConnection(139651700671120) localhost:9042>
Got ReadyMessage on new connection (139651700671120) from localhost
Not sending options message for new connection(139651700672272) to localhost because compression is disabled and a cql version was not specified
Sending StartupMessage on <AsyncoreConnection(139651700672272) localhost:9042>
Sent StartupMessage on <AsyncoreConnection(139651700672272) localhost:9042>
Got ReadyMessage on new connection (139651700672272) from localhost
Finished initializing new connection pool for host localhost
Added pool for host localhost to session
Connection opened
Shutting down Cluster Scheduler
Shutting down control connection
Closing connection (139651711384144) to localhost
Closed socket to localhost
Closing connection (139651700671120) to localhost
Closed socket to localhost
Closing connection (139651700672272) to localhost
Closed socket to localhost
Connection closed
Asyncore event loop ended
Waiting for event loop thread to join...
Event loop thread was joined
Datasync started at Sat Feb 28 20:16:42 2015
Gethering database info...
Connecting to cluster, contact points: ['localhost']; protocol version: 2
Host localhost is now marked up
[control connection] Opening new connection to localhost
Not sending options message for new connection(139668718099216) to localhost because compression is disabled and a cql version was not specified
Sending StartupMessage on <AsyncoreConnection(139668718099216) localhost:9042>
Sent StartupMessage on <AsyncoreConnection(139668718099216) localhost:9042>
Starting asyncore event loop
Got ReadyMessage on new connection (139668718099216) from localhost
[control connection] Established new connection <AsyncoreConnection(139668718099216) localhost:9042>, registering watchers and refreshing schema and topology
[control connection] Refreshing node list and token map using preloaded results
[control connection] Finished fetching ring info
[control connection] Rebuilding token map due to topology changes
[control connection] Attempting to use preloaded results for schema agreement
[control connection] Schemas match
[control connection] Fetched schema, rebuilding metadata
Control connection created
Initializing new connection pool for host localhost
Not sending options message for new connection(139668707390224) to localhost because compression is disabled and a cql version was not specified
Sending StartupMessage on <AsyncoreConnection(139668707390224) localhost:9042>
Sent StartupMessage on <AsyncoreConnection(139668707390224) localhost:9042>
Got ReadyMessage on new connection (139668707390224) from localhost
Not sending options message for new connection(139668707391312) to localhost because compression is disabled and a cql version was not specified
Sending StartupMessage on <AsyncoreConnection(139668707391312) localhost:9042>
Sent StartupMessage on <AsyncoreConnection(139668707391312) localhost:9042>
Got ReadyMessage on new connection (139668707391312) from localhost
Finished initializing new connection pool for host localhost
Added pool for host localhost to session
Connection opened
Shutting down Cluster Scheduler
Shutting down control connection
Closing connection (139668718099216) to localhost
Closed socket to localhost
Closing connection (139668707390224) to localhost
Closed socket to localhost
Closing connection (139668707391312) to localhost
Closed socket to localhost
Connection closed
Asyncore event loop ended
Waiting for event loop thread to join...
Event loop thread was joined
Shutting down Cluster Scheduler
Datasync started at Sat Feb 28 20:17:25 2015
Gethering database info...
Executing syncronization..
Datasync started at Sat Feb 28 20:19:17 2015
Gethering database info...
Waiting for syncronization process...
Executing syncronization..
Datasync started at Sat Feb 28 20:20:43 2015
Gethering database info...
Waiting for syncronization process...
Executing syncronization..
Datasync started at Sat Feb 28 20:24:13 2015
Gethering database info...
Waiting for syncronization process...
Executing syncronization..
Datasync started at Sat Feb 28 20:26:18 2015
Gethering database info...
Waiting for syncronization process...
Executing syncronization..
Datasync started at Sat Feb 28 20:28:37 2015
Gethering database info...
Error preparing query:
Traceback (most recent call last):
  File "/usr/local/lib/python2.7/dist-packages/cassandra/cluster.py", line 1476, in prepare
    query_id, column_metadata = future.result(self.default_timeout)
  File "/usr/local/lib/python2.7/dist-packages/cassandra/cluster.py", line 2867, in result
    raise OperationTimedOut(errors=self._errors, last_host=self._current_host)
OperationTimedOut: errors={}, last_host=localhost
Datasync started at Sat Feb 28 20:29:26 2015
Gethering database info...
Datasync started at Sat Feb 28 20:33:19 2015
Gethering database info...
Waiting for syncronization process...
Datasync started at Sat Feb 28 22:00:28 2015
Gethering database info...
Waiting for syncronization process...
Executing syncronization..
Starting new HTTP connection (1): localhost
GET http://localhost:9200/syncdata/_search [status:200 request:0.024s]
curl -XGET 'http://localhost:9200/syncdata/_search?pretty' -d '{
  "fields": [
    "_timestamp",
    "_source"
  ],
  "query": {
    "filtered": {
      "filter": {
        "range": {
          "_timestamp": {
            "gt": "2015-02-28T22:00:28.489756"
          }
        }
      }
    }
  }
}'
Done syncronization! Saving current timestamp and wait...
Executing syncronization..
GET http://localhost:9200/syncdata/_search [status:200 request:0.012s]
curl -XGET 'http://localhost:9200/syncdata/_search?pretty' -d '{
  "fields": [
    "_timestamp",
    "_source"
  ],
  "query": {
    "filtered": {
      "filter": {
        "range": {
          "_timestamp": {
            "gt": "2015-02-28T22:01:28.650459"
          }
        }
      }
    }
  }
}'
Done syncronization! Saving current timestamp and wait...
Executing syncronization..
GET http://localhost:9200/syncdata/_search [status:200 request:0.009s]
curl -XGET 'http://localhost:9200/syncdata/_search?pretty' -d '{
  "fields": [
    "_timestamp",
    "_source"
  ],
  "query": {
    "filtered": {
      "filter": {
        "range": {
          "_timestamp": {
            "gt": "2015-02-28T22:02:28.793486"
          }
        }
      }
    }
  }
}'
Done syncronization! Saving current timestamp and wait...
Executing syncronization..
GET http://localhost:9200/syncdata/_search [status:200 request:0.017s]
curl -XGET 'http://localhost:9200/syncdata/_search?pretty' -d '{
  "fields": [
    "_timestamp",
    "_source"
  ],
  "query": {
    "filtered": {
      "filter": {
        "range": {
          "_timestamp": {
            "gt": "2015-02-28T22:03:28.945807"
          }
        }
      }
    }
  }
}'
Done syncronization! Saving current timestamp and wait...
Executing syncronization..
GET http://localhost:9200/syncdata/_search [status:200 request:0.009s]
curl -XGET 'http://localhost:9200/syncdata/_search?pretty' -d '{
  "fields": [
    "_timestamp",
    "_source"
  ],
  "query": {
    "filtered": {
      "filter": {
        "range": {
          "_timestamp": {
            "gt": "2015-02-28T22:04:29.085790"
          }
        }
      }
    }
  }
}'
Done syncronization! Saving current timestamp and wait...
Executing syncronization..
GET http://localhost:9200/syncdata/_search [status:200 request:0.007s]
curl -XGET 'http://localhost:9200/syncdata/_search?pretty' -d '{
  "fields": [
    "_timestamp",
    "_source"
  ],
  "query": {
    "filtered": {
      "filter": {
        "range": {
          "_timestamp": {
            "gt": "2015-02-28T22:05:29.246857"
          }
        }
      }
    }
  }
}'
PUT http://localhost:9200/syncdata/test/2190f1d0-3e74-499a-9472-2b31831ddcc7 [status:201 request:0.007s]
curl -XPUT 'http://localhost:9200/syncdata/test/2190f1d0-3e74-499a-9472-2b31831ddcc7?pretty' -d '{
  "age": 29,
  "email": "geekfox@geekfox",
  "name": "RafaelBr",
  "timestamp": "2015-03-01T01:06:24.672000"
}'
Done syncronization! Saving current timestamp and wait...
Executing syncronization..
GET http://localhost:9200/syncdata/_search [status:200 request:0.009s]
curl -XGET 'http://localhost:9200/syncdata/_search?pretty' -d '{
  "fields": [
    "_timestamp",
    "_source"
  ],
  "query": {
    "filtered": {
      "filter": {
        "range": {
          "_timestamp": {
            "gt": "2015-02-28T22:06:29.381951"
          }
        }
      }
    }
  }
}'
PUT http://localhost:9200/syncdata/test/2190f1d0-3e74-499a-9472-2b31831ddcc7 [status:200 request:0.013s]
curl -XPUT 'http://localhost:9200/syncdata/test/2190f1d0-3e74-499a-9472-2b31831ddcc7?pretty' -d '{
  "age": 29,
  "email": "geekfox@geekfox",
  "name": "RafaelBr",
  "timestamp": "2015-03-01T01:06:24.672000"
}'
Done syncronization! Saving current timestamp and wait...
Executing syncronization..
GET http://localhost:9200/syncdata/_search [status:200 request:0.015s]
curl -XGET 'http://localhost:9200/syncdata/_search?pretty' -d '{
  "fields": [
    "_timestamp",
    "_source"
  ],
  "query": {
    "filtered": {
      "filter": {
        "range": {
          "_timestamp": {
            "gt": "2015-02-28T22:07:29.594881"
          }
        }
      }
    }
  }
}'
Done syncronization! Saving current timestamp and wait...
Executing syncronization..
GET http://localhost:9200/syncdata/_search [status:200 request:0.011s]
curl -XGET 'http://localhost:9200/syncdata/_search?pretty' -d '{
  "fields": [
    "_timestamp",
    "_source"
  ],
  "query": {
    "filtered": {
      "filter": {
        "range": {
          "_timestamp": {
            "gt": "2015-02-28T22:08:29.761746"
          }
        }
      }
    }
  }
}'
Done syncronization! Saving current timestamp and wait...
Executing syncronization..
GET http://localhost:9200/syncdata/_search [status:200 request:0.015s]
curl -XGET 'http://localhost:9200/syncdata/_search?pretty' -d '{
  "fields": [
    "_timestamp",
    "_source"
  ],
  "query": {
    "filtered": {
      "filter": {
        "range": {
          "_timestamp": {
            "gt": "2015-02-28T22:09:31.113453"
          }
        }
      }
    }
  }
}'
Done syncronization! Saving current timestamp and wait...
Executing syncronization..
GET http://localhost:9200/syncdata/_search [status:200 request:0.010s]
curl -XGET 'http://localhost:9200/syncdata/_search?pretty' -d '{
  "fields": [
    "_timestamp",
    "_source"
  ],
  "query": {
    "filtered": {
      "filter": {
        "range": {
          "_timestamp": {
            "gt": "2015-02-28T22:10:31.303720"
          }
        }
      }
    }
  }
}'
Done syncronization! Saving current timestamp and wait...
Executing syncronization..
GET http://localhost:9200/syncdata/_search [status:200 request:0.012s]
curl -XGET 'http://localhost:9200/syncdata/_search?pretty' -d '{
  "fields": [
    "_timestamp",
    "_source"
  ],
  "query": {
    "filtered": {
      "filter": {
        "range": {
          "_timestamp": {
            "gt": "2015-02-28T22:11:31.452041"
          }
        }
      }
    }
  }
}'
Done syncronization! Saving current timestamp and wait...
Datasync started at Sat Feb 28 22:53:49 2015
Gethering database info...
Waiting for syncronization process...
Executing syncronization..
Starting new HTTP connection (1): localhost
GET http://localhost:9200/syncdata/_search [status:200 request:0.015s]
curl -XGET 'http://localhost:9200/syncdata/_search?pretty' -d '{
  "fields": [
    "_timestamp",
    "_source"
  ],
  "query": {
    "filtered": {
      "filter": {
        "range": {
          "_timestamp": {
            "gt": "2015-02-28T22:53:49.615635"
          }
        }
      }
    }
  }
}'
Datasync started at Sat Feb 28 22:55:55 2015
Gethering database info...
Waiting for syncronization process...
Executing syncronization..
Starting new HTTP connection (1): localhost
GET http://localhost:9200/syncdata/_search [status:200 request:0.037s]
curl -XGET 'http://localhost:9200/syncdata/_search?pretty' -d '{
  "fields": [
    "_timestamp",
    "_source"
  ],
  "query": {
    "filtered": {
      "filter": {
        "range": {
          "_timestamp": {
            "gt": "2015-02-28T22:55:55.793071"
          }
        }
      }
    }
  }
}'
Done syncronization! Saving current timestamp and wait...
Executing syncronization..
GET http://localhost:9200/syncdata/_search [status:200 request:0.010s]
curl -XGET 'http://localhost:9200/syncdata/_search?pretty' -d '{
  "fields": [
    "_timestamp",
    "_source"
  ],
  "query": {
    "filtered": {
      "filter": {
        "range": {
          "_timestamp": {
            "gt": "2015-02-28T22:56:55.955851"
          }
        }
      }
    }
  }
}'
Done syncronization! Saving current timestamp and wait...
Executing syncronization..
GET http://localhost:9200/syncdata/_search [status:200 request:0.011s]
curl -XGET 'http://localhost:9200/syncdata/_search?pretty' -d '{
  "fields": [
    "_timestamp",
    "_source"
  ],
  "query": {
    "filtered": {
      "filter": {
        "range": {
          "_timestamp": {
            "gt": "2015-02-28T22:57:57.446184"
          }
        }
      }
    }
  }
}'
Done syncronization! Saving current timestamp and wait...
Executing syncronization..
GET http://localhost:9200/syncdata/_search [status:200 request:0.007s]
curl -XGET 'http://localhost:9200/syncdata/_search?pretty' -d '{
  "fields": [
    "_timestamp",
    "_source"
  ],
  "query": {
    "filtered": {
      "filter": {
        "range": {
          "_timestamp": {
            "gt": "2015-02-28T22:58:57.602766"
          }
        }
      }
    }
  }
}'
Done syncronization! Saving current timestamp and wait...
Executing syncronization..
GET http://localhost:9200/syncdata/_search [status:200 request:0.011s]
curl -XGET 'http://localhost:9200/syncdata/_search?pretty' -d '{
  "fields": [
    "_timestamp",
    "_source"
  ],
  "query": {
    "filtered": {
      "filter": {
        "range": {
          "_timestamp": {
            "gt": "2015-02-28T22:59:57.759337"
          }
        }
      }
    }
  }
}'
Done syncronization! Saving current timestamp and wait...
Datasync started at Sat Feb 28 23:01:16 2015
Gethering database info...
Waiting for syncronization process...
Executing syncronization..
Starting new HTTP connection (1): localhost
GET http://localhost:9200/syncdata/_search [status:200 request:0.022s]
curl -XGET 'http://localhost:9200/syncdata/_search?pretty' -d '{
  "fields": [
    "_timestamp",
    "_source"
  ],
  "query": {
    "filtered": {
      "filter": {
        "range": {
          "_timestamp": {
            "gt": "2015-02-28T23:01:17.015237"
          }
        }
      }
    }
  }
}'
Done syncronization! Saving current timestamp and wait...
Executing syncronization..
GET http://localhost:9200/syncdata/_search [status:200 request:0.008s]
curl -XGET 'http://localhost:9200/syncdata/_search?pretty' -d '{
  "fields": [
    "_timestamp",
    "_source"
  ],
  "query": {
    "filtered": {
      "filter": {
        "range": {
          "_timestamp": {
            "gt": "2015-02-28T23:02:17.183830"
          }
        }
      }
    }
  }
}'
Done syncronization! Saving current timestamp and wait...
Datasync started at Sat Feb 28 23:07:04 2015
Gethering database info...
Waiting for syncronization process...
Executing syncronization..
Starting new HTTP connection (1): localhost
GET http://localhost:9200/syncdata/_search [status:200 request:0.021s]
curl -XGET 'http://localhost:9200/syncdata/_search?pretty' -d '{
  "fields": [
    "_timestamp",
    "_source"
  ],
  "query": {
    "filtered": {
      "filter": {
        "range": {
          "_timestamp": {
            "gt": "2015-02-28T23:07:04.422418"
          }
        }
      }
    }
  }
}'
Datasync started at Sat Feb 28 23:08:54 2015
Gethering database info...
Waiting for syncronization process...
Executing syncronization..
Starting new HTTP connection (1): localhost
GET http://localhost:9200/syncdata/_search [status:200 request:0.019s]
curl -XGET 'http://localhost:9200/syncdata/_search?pretty' -d '{
  "fields": [
    "_timestamp",
    "_source"
  ],
  "query": {
    "filtered": {
      "filter": {
        "range": {
          "_timestamp": {
            "gt": "2015-02-28T23:08:54.182413"
          }
        }
      }
    }
  }
}'
PUT http://localhost:9200/syncdata/test/005fdf2e-2f69-45a0-ae66-9239d4831eab [status:200 request:0.004s]
curl -XPUT 'http://localhost:9200/syncdata/test/005fdf2e-2f69-45a0-ae66-9239d4831eab?pretty' -d '{
  "age": 20,
  "email": "willy.lightfox",
  "name": "teste",
  "timestamp": "2015-03-01T02:09:21.211000"
}'
Done syncronization! Saving current timestamp and wait...
Executing syncronization..
GET http://localhost:9200/syncdata/_search [status:200 request:0.011s]
curl -XGET 'http://localhost:9200/syncdata/_search?pretty' -d '{
  "fields": [
    "_timestamp",
    "_source"
  ],
  "query": {
    "filtered": {
      "filter": {
        "range": {
          "_timestamp": {
            "gt": "2015-02-28T23:09:54.364548"
          }
        }
      }
    }
  }
}'
PUT http://localhost:9200/syncdata/test/005fdf2e-2f69-45a0-ae66-9239d4831eab [status:200 request:0.004s]
curl -XPUT 'http://localhost:9200/syncdata/test/005fdf2e-2f69-45a0-ae66-9239d4831eab?pretty' -d '{
  "age": 20,
  "email": "willy.lightfox",
  "name": "teste1234",
  "timestamp": "2015-03-01T02:10:24.494000"
}'
Done syncronization! Saving current timestamp and wait...
Executing syncronization..
GET http://localhost:9200/syncdata/_search [status:200 request:0.012s]
curl -XGET 'http://localhost:9200/syncdata/_search?pretty' -d '{
  "fields": [
    "_timestamp",
    "_source"
  ],
  "query": {
    "filtered": {
      "filter": {
        "range": {
          "_timestamp": {
            "gt": "2015-02-28T23:10:54.516806"
          }
        }
      }
    }
  }
}'
Done syncronization! Saving current timestamp and wait...
Executing syncronization..
GET http://localhost:9200/syncdata/_search [status:200 request:0.018s]
curl -XGET 'http://localhost:9200/syncdata/_search?pretty' -d '{
  "fields": [
    "_timestamp",
    "_source"
  ],
  "query": {
    "filtered": {
      "filter": {
        "range": {
          "_timestamp": {
            "gt": "2015-02-28T23:11:54.662723"
          }
        }
      }
    }
  }
}'
PUT http://localhost:9200/syncdata/test/005fdf2e-2f69-45a0-ae66-9239d4831eab [status:200 request:0.006s]
curl -XPUT 'http://localhost:9200/syncdata/test/005fdf2e-2f69-45a0-ae66-9239d4831eab?pretty' -d '{
  "age": 20,
  "email": "willy.lightfox",
  "name": "teste",
  "timestamp": "2015-03-01T02:12:34.450000"
}'
Done syncronization! Saving current timestamp and wait...
Executing syncronization..
GET http://localhost:9200/syncdata/_search [status:200 request:0.008s]
curl -XGET 'http://localhost:9200/syncdata/_search?pretty' -d '{
  "fields": [
    "_timestamp",
    "_source"
  ],
  "query": {
    "filtered": {
      "filter": {
        "range": {
          "_timestamp": {
            "gt": "2015-02-28T23:12:54.817154"
          }
        }
      }
    }
  }
}'
PUT http://localhost:9200/syncdata/test/005fdf2e-2f69-45a0-ae66-9239d4831eab [status:200 request:0.005s]
curl -XPUT 'http://localhost:9200/syncdata/test/005fdf2e-2f69-45a0-ae66-9239d4831eab?pretty' -d '{
  "age": 20,
  "email": "willy.lightfox",
  "name": "teste1234",
  "timestamp": "2015-03-01T02:13:17.682000"
}'
Done syncronization! Saving current timestamp and wait...
Executing syncronization..
GET http://localhost:9200/syncdata/_search [status:200 request:0.014s]
curl -XGET 'http://localhost:9200/syncdata/_search?pretty' -d '{
  "fields": [
    "_timestamp",
    "_source"
  ],
  "query": {
    "filtered": {
      "filter": {
        "range": {
          "_timestamp": {
            "gt": "2015-02-28T23:13:54.977224"
          }
        }
      }
    }
  }
}'
Done syncronization! Saving current timestamp and wait...
Executing syncronization..
GET http://localhost:9200/syncdata/_search [status:200 request:0.012s]
curl -XGET 'http://localhost:9200/syncdata/_search?pretty' -d '{
  "fields": [
    "_timestamp",
    "_source"
  ],
  "query": {
    "filtered": {
      "filter": {
        "range": {
          "_timestamp": {
            "gt": "2015-02-28T23:14:55.138515"
          }
        }
      }
    }
  }
}'
Done syncronization! Saving current timestamp and wait...
Executing syncronization..
GET http://localhost:9200/syncdata/_search [status:200 request:0.009s]
curl -XGET 'http://localhost:9200/syncdata/_search?pretty' -d '{
  "fields": [
    "_timestamp",
    "_source"
  ],
  "query": {
    "filtered": {
      "filter": {
        "range": {
          "_timestamp": {
            "gt": "2015-02-28T23:15:55.413095"
          }
        }
      }
    }
  }
}'
PUT http://localhost:9200/syncdata/test/005fdf2e-2f69-45a0-ae66-9239d4831eab [status:200 request:0.006s]
curl -XPUT 'http://localhost:9200/syncdata/test/005fdf2e-2f69-45a0-ae66-9239d4831eab?pretty' -d '{
  "age": 20,
  "email": "willy.lightfox",
  "name": "teste1234",
  "timestamp": "2015-03-01T02:16:21.589000"
}'
Done syncronization! Saving current timestamp and wait...
Datasync started at Sat Feb 28 23:18:46 2015
Gethering database info...
Waiting for syncronization process...
Executing syncronization..
Starting new HTTP connection (1): localhost
GET http://localhost:9200/syncdata/_search [status:200 request:0.019s]
curl -XGET 'http://localhost:9200/syncdata/_search?pretty' -d '{
  "fields": [
    "_timestamp",
    "_source"
  ],
  "query": {
    "filtered": {
      "filter": {
        "range": {
          "_timestamp": {
            "gt": "2015-02-28T23:18:46.352667"
          }
        }
      }
    }
  }
}'
Datasync started at Sat Feb 28 23:20:03 2015
Gethering database info...
Waiting for syncronization process...
Executing syncronization..
Starting new HTTP connection (1): localhost
GET http://localhost:9200/syncdata/_search [status:200 request:0.015s]
curl -XGET 'http://localhost:9200/syncdata/_search?pretty' -d '{
  "fields": [
    "_timestamp",
    "_source"
  ],
  "query": {
    "filtered": {
      "filter": {
        "range": {
          "_timestamp": {
            "gt": "2015-02-28T23:20:03.847829"
          }
        }
      }
    }
  }
}'
Conflict found in: []
Done syncronization! Saving current timestamp and wait...
Datasync started at Sat Feb 28 23:22:36 2015
Gethering database info...
Waiting for syncronization process...
Executing syncronization..
Starting new HTTP connection (1): localhost
GET http://localhost:9200/syncdata/_search [status:200 request:0.018s]
curl -XGET 'http://localhost:9200/syncdata/_search?pretty' -d '{
  "fields": [
    "_timestamp",
    "_source"
  ],
  "query": {
    "filtered": {
      "filter": {
        "range": {
          "_timestamp": {
            "gt": "2015-02-28T23:22:36.869449"
          }
        }
      }
    }
  }
}'
Conflict found in: []
Done syncronization! Saving current timestamp and wait...
Executing syncronization..
GET http://localhost:9200/syncdata/_search [status:200 request:0.011s]
curl -XGET 'http://localhost:9200/syncdata/_search?pretty' -d '{
  "fields": [
    "_timestamp",
    "_source"
  ],
  "query": {
    "filtered": {
      "filter": {
        "range": {
          "_timestamp": {
            "gt": "2015-02-28T23:23:37.038920"
          }
        }
      }
    }
  }
}'
Conflict found in: []
PUT http://localhost:9200/syncdata/test/005fdf2e-2f69-45a0-ae66-9239d4831eab [status:200 request:0.004s]
curl -XPUT 'http://localhost:9200/syncdata/test/005fdf2e-2f69-45a0-ae66-9239d4831eab?pretty' -d '{
  "age": 20,
  "email": "willy.lightfox",
  "name": "teste1234",
  "timestamp": "2015-03-01T02:23:54.522000"
}'
Done syncronization! Saving current timestamp and wait...
Executing syncronization..
GET http://localhost:9200/syncdata/_search [status:200 request:0.010s]
curl -XGET 'http://localhost:9200/syncdata/_search?pretty' -d '{
  "fields": [
    "_timestamp",
    "_source"
  ],
  "query": {
    "filtered": {
      "filter": {
        "range": {
          "_timestamp": {
            "gt": "2015-02-28T23:24:37.210817"
          }
        }
      }
    }
  }
}'
Conflict found in: []
Done syncronization! Saving current timestamp and wait...
Datasync started at Sat Feb 28 23:26:31 2015
Gethering database info...
Waiting for syncronization process...
Executing syncronization..
Starting new HTTP connection (1): localhost
GET http://localhost:9200/syncdata/_search [status:200 request:0.013s]
curl -XGET 'http://localhost:9200/syncdata/_search?pretty' -d '{
  "fields": [
    "_timestamp",
    "_source"
  ],
  "query": {
    "filtered": {
      "filter": {
        "range": {
          "_timestamp": {
            "gt": "2015-02-28T23:26:31.876964"
          }
        }
      }
    }
  }
}'
Found in cassandra: [UUID('005fdf2e-2f69-45a0-ae66-9239d4831eab')]
Found in es: [u'005fdf2e-2f69-45a0-ae66-9239d4831eab', u'2190f1d0-3e74-499a-9472-2b31831ddcc7']
Conflict found in: []
PUT http://localhost:9200/syncdata/test/005fdf2e-2f69-45a0-ae66-9239d4831eab [status:200 request:0.015s]
curl -XPUT 'http://localhost:9200/syncdata/test/005fdf2e-2f69-45a0-ae66-9239d4831eab?pretty' -d '{
  "age": 20,
  "email": "willy.lightfox",
  "name": "teste1234",
  "timestamp": "2015-03-01T02:27:27.962000"
}'
Done syncronization! Saving current timestamp and wait...
Executing syncronization..
GET http://localhost:9200/syncdata/_search [status:200 request:0.010s]
curl -XGET 'http://localhost:9200/syncdata/_search?pretty' -d '{
  "fields": [
    "_timestamp",
    "_source"
  ],
  "query": {
    "filtered": {
      "filter": {
        "range": {
          "_timestamp": {
            "gt": "2015-02-28T23:27:32.109607"
          }
        }
      }
    }
  }
}'
Found in cassandra: []
Found in es: [u'005fdf2e-2f69-45a0-ae66-9239d4831eab', u'2190f1d0-3e74-499a-9472-2b31831ddcc7']
Conflict found in: []
Done syncronization! Saving current timestamp and wait...
Executing syncronization..
GET http://localhost:9200/syncdata/_search [status:200 request:0.010s]
curl -XGET 'http://localhost:9200/syncdata/_search?pretty' -d '{
  "fields": [
    "_timestamp",
    "_source"
  ],
  "query": {
    "filtered": {
      "filter": {
        "range": {
          "_timestamp": {
            "gt": "2015-02-28T23:28:32.293106"
          }
        }
      }
    }
  }
}'
Found in cassandra: []
Found in es: [u'005fdf2e-2f69-45a0-ae66-9239d4831eab', u'2190f1d0-3e74-499a-9472-2b31831ddcc7']
Conflict found in: []
Done syncronization! Saving current timestamp and wait...
Executing syncronization..
GET http://localhost:9200/syncdata/_search [status:200 request:0.011s]
curl -XGET 'http://localhost:9200/syncdata/_search?pretty' -d '{
  "fields": [
    "_timestamp",
    "_source"
  ],
  "query": {
    "filtered": {
      "filter": {
        "range": {
          "_timestamp": {
            "gt": "2015-02-28T23:29:32.454994"
          }
        }
      }
    }
  }
}'
Found in cassandra: []
Found in es: [u'005fdf2e-2f69-45a0-ae66-9239d4831eab', u'2190f1d0-3e74-499a-9472-2b31831ddcc7']
Conflict found in: []
Done syncronization! Saving current timestamp and wait...
Executing syncronization..
GET http://localhost:9200/syncdata/_search [status:200 request:0.010s]
curl -XGET 'http://localhost:9200/syncdata/_search?pretty' -d '{
  "fields": [
    "_timestamp",
    "_source"
  ],
  "query": {
    "filtered": {
      "filter": {
        "range": {
          "_timestamp": {
            "gt": "2015-02-28T23:30:32.616220"
          }
        }
      }
    }
  }
}'
Found in cassandra: []
Found in es: [u'005fdf2e-2f69-45a0-ae66-9239d4831eab', u'2190f1d0-3e74-499a-9472-2b31831ddcc7']
Conflict found in: []
Done syncronization! Saving current timestamp and wait...
Datasync started at Sat Feb 28 23:32:06 2015
Gethering database info...
Waiting for syncronization process...
Executing syncronization..
Starting new HTTP connection (1): localhost
GET http://localhost:9200/syncdata/_search [status:200 request:0.037s]
curl -XGET 'http://localhost:9200/syncdata/_search?pretty' -d '{
  "fields": [
    "_timestamp",
    "_source"
  ],
  "query": {
    "filtered": {
      "filter": {
        "range": {
          "_timestamp": {
            "gt": "2015-02-28T23:32:06.379096"
          }
        }
      }
    }
  }
}'
Found in cassandra: [UUID('005fdf2e-2f69-45a0-ae66-9239d4831eab')]
Found in es: [u'005fdf2e-2f69-45a0-ae66-9239d4831eab', u'2190f1d0-3e74-499a-9472-2b31831ddcc7']
Conflict found in: set([])
PUT http://localhost:9200/syncdata/test/005fdf2e-2f69-45a0-ae66-9239d4831eab [status:200 request:0.009s]
curl -XPUT 'http://localhost:9200/syncdata/test/005fdf2e-2f69-45a0-ae66-9239d4831eab?pretty' -d '{
  "age": 20,
  "email": "willy.lightfox",
  "name": "teste1234",
  "timestamp": "2015-03-01T02:32:13.969000"
}'
Done syncronization! Saving current timestamp and wait...
Datasync started at Sat Feb 28 23:35:09 2015
Gethering database info...
Waiting for syncronization process...
Executing syncronization..
Starting new HTTP connection (1): localhost
GET http://localhost:9200/syncdata/_search [status:200 request:0.018s]
curl -XGET 'http://localhost:9200/syncdata/_search?pretty' -d '{
  "fields": [
    "_timestamp",
    "_source"
  ],
  "query": {
    "filtered": {
      "filter": {
        "range": {
          "_timestamp": {
            "gt": "2015-02-28T23:35:09.311837"
          }
        }
      }
    }
  }
}'
Found in cassandra: [UUID('005fdf2e-2f69-45a0-ae66-9239d4831eab')]
Found in es: [UUID('005fdf2e-2f69-45a0-ae66-9239d4831eab'), UUID('2190f1d0-3e74-499a-9472-2b31831ddcc7')]
Conflict found in: [UUID('005fdf2e-2f69-45a0-ae66-9239d4831eab')]
Datasync started at Sat Feb 28 23:38:06 2015
Gethering database info...
Waiting for syncronization process...
Executing syncronization..
Starting new HTTP connection (1): localhost
GET http://localhost:9200/syncdata/_search [status:200 request:0.021s]
curl -XGET 'http://localhost:9200/syncdata/_search?pretty' -d '{
  "fields": [
    "_timestamp",
    "_source"
  ],
  "query": {
    "filtered": {
      "filter": {
        "range": {
          "_timestamp": {
            "gt": "2015-02-28T23:38:06.451361"
          }
        }
      }
    }
  }
}'
Found in cassandra: [UUID('005fdf2e-2f69-45a0-ae66-9239d4831eab')]
Found in es: [UUID('005fdf2e-2f69-45a0-ae66-9239d4831eab'), UUID('2190f1d0-3e74-499a-9472-2b31831ddcc7')]
Conflict found in: [UUID('005fdf2e-2f69-45a0-ae66-9239d4831eab')]
Datasync started at Sat Feb 28 23:39:45 2015
Gethering database info...
Waiting for syncronization process...
Executing syncronization..
Starting new HTTP connection (1): localhost
GET http://localhost:9200/syncdata/_search [status:200 request:0.015s]
curl -XGET 'http://localhost:9200/syncdata/_search?pretty' -d '{
  "fields": [
    "_timestamp",
    "_source"
  ],
  "query": {
    "filtered": {
      "filter": {
        "range": {
          "_timestamp": {
            "gt": "2015-02-28T23:39:45.592647"
          }
        }
      }
    }
  }
}'
Found in cassandra: [UUID('005fdf2e-2f69-45a0-ae66-9239d4831eab')]
Found in es: [UUID('005fdf2e-2f69-45a0-ae66-9239d4831eab'), UUID('2190f1d0-3e74-499a-9472-2b31831ddcc7')]
Conflict found in: [UUID('005fdf2e-2f69-45a0-ae66-9239d4831eab')]
id 005fdf2e-2f69-45a0-ae66-9239d4831eab es:1425177596556 cassandra: 2015-03-01 02:39:53.172000
Datasync started at Sat Feb 28 23:41:47 2015
Gethering database info...
Waiting for syncronization process...
Executing syncronization..
Starting new HTTP connection (1): localhost
GET http://localhost:9200/syncdata/_search [status:200 request:0.028s]
curl -XGET 'http://localhost:9200/syncdata/_search?pretty' -d '{
  "fields": [
    "_timestamp",
    "_source"
  ],
  "query": {
    "filtered": {
      "filter": {
        "range": {
          "_timestamp": {
            "gt": "2015-02-28T23:41:47.511268"
          }
        }
      }
    }
  }
}'
Datasync started at Sat Feb 28 23:43:20 2015
Gethering database info...
Waiting for syncronization process...
Executing syncronization..
Starting new HTTP connection (1): localhost
GET http://localhost:9200/syncdata/_search [status:200 request:0.016s]
curl -XGET 'http://localhost:9200/syncdata/_search?pretty' -d '{
  "fields": [
    "_timestamp",
    "_source"
  ],
  "query": {
    "filtered": {
      "filter": {
        "range": {
          "_timestamp": {
            "gt": "2015-02-28T23:43:20.220840"
          }
        }
      }
    }
  }
}'
Datasync started at Sat Feb 28 23:47:29 2015
Gethering database info...
Waiting for syncronization process...
Executing syncronization..
Starting new HTTP connection (1): localhost
GET http://localhost:9200/syncdata/_search [status:200 request:0.017s]
curl -XGET 'http://localhost:9200/syncdata/_search?pretty' -d '{
  "fields": [
    "_timestamp",
    "_source"
  ],
  "query": {
    "filtered": {
      "filter": {
        "range": {
          "_timestamp": {
            "gt": "2015-02-28T23:47:29.774515"
          }
        }
      }
    }
  }
}'
Found in cassandra: [UUID('005fdf2e-2f69-45a0-ae66-9239d4831eab')]
Found in es: [UUID('005fdf2e-2f69-45a0-ae66-9239d4831eab'), UUID('2190f1d0-3e74-499a-9472-2b31831ddcc7')]
Conflict found in: [UUID('005fdf2e-2f69-45a0-ae66-9239d4831eab')]
id 005fdf2e-2f69-45a0-ae66-9239d4831eab es:2015-02-28 23:47:51 cassandra: 2015-03-01 02:47:39.616000
Datasync started at Sat Feb 28 23:49:09 2015
Gethering database info...
Waiting for syncronization process...
Executing syncronization..
Starting new HTTP connection (1): localhost
GET http://localhost:9200/syncdata/_search [status:200 request:0.020s]
curl -XGET 'http://localhost:9200/syncdata/_search?pretty' -d '{
  "fields": [
    "_timestamp",
    "_source"
  ],
  "query": {
    "filtered": {
      "filter": {
        "range": {
          "_timestamp": {
            "gt": "2015-02-28T23:49:09.451394"
          }
        }
      }
    }
  }
}'
Found in cassandra: [UUID('005fdf2e-2f69-45a0-ae66-9239d4831eab')]
Found in es: [UUID('005fdf2e-2f69-45a0-ae66-9239d4831eab'), UUID('2190f1d0-3e74-499a-9472-2b31831ddcc7')]
Conflict found in: [UUID('005fdf2e-2f69-45a0-ae66-9239d4831eab')]
id 005fdf2e-2f69-45a0-ae66-9239d4831eab es:2015-02-28 23:49:17 cassandra: 2015-03-01 02:49:15.831000
Cassandra has updated info
PUT http://localhost:9200/syncdata/test/005fdf2e-2f69-45a0-ae66-9239d4831eab [status:200 request:0.011s]
curl -XPUT 'http://localhost:9200/syncdata/test/005fdf2e-2f69-45a0-ae66-9239d4831eab?pretty' -d '{
  "age": 20,
  "email": "willy.lightfox",
  "name": "teste1234",
  "timestamp": "2015-03-01T02:49:15.831000"
}'
Datasync started at Sat Feb 28 23:51:12 2015
Gethering database info...
Waiting for syncronization process...
Executing syncronization..
Starting new HTTP connection (1): localhost
GET http://localhost:9200/syncdata/_search [status:200 request:0.019s]
curl -XGET 'http://localhost:9200/syncdata/_search?pretty' -d '{
  "fields": [
    "_timestamp",
    "_source"
  ],
  "query": {
    "filtered": {
      "filter": {
        "range": {
          "_timestamp": {
            "gt": "2015-02-28T23:51:12.885780"
          }
        }
      }
    }
  }
}'
Found in cassandra: [UUID('005fdf2e-2f69-45a0-ae66-9239d4831eab')]
Found in es: [UUID('005fdf2e-2f69-45a0-ae66-9239d4831eab'), UUID('2190f1d0-3e74-499a-9472-2b31831ddcc7')]
Conflict found in: [UUID('005fdf2e-2f69-45a0-ae66-9239d4831eab')]
id 005fdf2e-2f69-45a0-ae66-9239d4831eab es:2015-02-28 23:51:22 cassandra: 2015-03-01 02:51:19.806000
Cassandra has updated info
PUT http://localhost:9200/syncdata/test/005fdf2e-2f69-45a0-ae66-9239d4831eab [status:200 request:0.007s]
curl -XPUT 'http://localhost:9200/syncdata/test/005fdf2e-2f69-45a0-ae66-9239d4831eab?pretty' -d '{
  "age": 20,
  "email": "willy.lightfox",
  "name": "teste1234",
  "timestamp": "2015-03-01T02:51:19.806000"
}'
Done syncronization! Saving current timestamp and wait...
Executing syncronization..
GET http://localhost:9200/syncdata/_search [status:200 request:0.016s]
curl -XGET 'http://localhost:9200/syncdata/_search?pretty' -d '{
  "fields": [
    "_timestamp",
    "_source"
  ],
  "query": {
    "filtered": {
      "filter": {
        "range": {
          "_timestamp": {
            "gt": "2015-02-28T23:52:13.049429"
          }
        }
      }
    }
  }
}'
Found in cassandra: [UUID('005fdf2e-2f69-45a0-ae66-9239d4831eab')]
Found in es: [UUID('005fdf2e-2f69-45a0-ae66-9239d4831eab'), UUID('2190f1d0-3e74-499a-9472-2b31831ddcc7')]
Conflict found in: [UUID('005fdf2e-2f69-45a0-ae66-9239d4831eab')]
id 005fdf2e-2f69-45a0-ae66-9239d4831eab es:2015-03-01T02:51:19.806000 cassandra: 2015-03-01 02:51:19.806000
Datasync started at Sun Mar  1 00:03:01 2015
Gethering database info...
Waiting for syncronization process...
Executing syncronization..
Starting new HTTP connection (1): localhost
GET http://localhost:9200/syncdata/_search [status:200 request:0.021s]
curl -XGET 'http://localhost:9200/syncdata/_search?pretty' -d '{
  "fields": [
    "_timestamp",
    "_source"
  ],
  "query": {
    "filtered": {
      "filter": {
        "range": {
          "_timestamp": {
            "gt": "2015-03-01T00:03:01.707439"
          }
        }
      }
    }
  }
}'
Found in cassandra: [UUID('005fdf2e-2f69-45a0-ae66-9239d4831eab')]
Found in es: [UUID('005fdf2e-2f69-45a0-ae66-9239d4831eab'), UUID('2190f1d0-3e74-499a-9472-2b31831ddcc7')]
Conflict found in: [UUID('005fdf2e-2f69-45a0-ae66-9239d4831eab')]
id 005fdf2e-2f69-45a0-ae66-9239d4831eab es:2015-03-01 03:03:14 cassandra: 2015-03-01 03:03:12.323000
ES has updated info
Done syncronization! Saving current timestamp and wait...
Executing syncronization..
GET http://localhost:9200/syncdata/_search [status:200 request:0.011s]
curl -XGET 'http://localhost:9200/syncdata/_search?pretty' -d '{
  "fields": [
    "_timestamp",
    "_source"
  ],
  "query": {
    "filtered": {
      "filter": {
        "range": {
          "_timestamp": {
            "gt": "2015-03-01T00:04:01.873896"
          }
        }
      }
    }
  }
}'
Found in cassandra: [UUID('005fdf2e-2f69-45a0-ae66-9239d4831eab')]
Found in es: [UUID('005fdf2e-2f69-45a0-ae66-9239d4831eab'), UUID('2190f1d0-3e74-499a-9472-2b31831ddcc7')]
Conflict found in: [UUID('005fdf2e-2f69-45a0-ae66-9239d4831eab')]
id 005fdf2e-2f69-45a0-ae66-9239d4831eab es:2015-03-01 03:04:29 cassandra: 2015-03-01 03:04:31.300000
Cassandra has updated info
PUT http://localhost:9200/syncdata/test/005fdf2e-2f69-45a0-ae66-9239d4831eab [status:200 request:0.004s]
curl -XPUT 'http://localhost:9200/syncdata/test/005fdf2e-2f69-45a0-ae66-9239d4831eab?pretty' -d '{
  "age": 20,
  "email": "willy.lightfox",
  "name": "teste1234",
  "timestamp": "2015-03-01T03:04:31.300000"
}'
Done syncronization! Saving current timestamp and wait...
Executing syncronization..
GET http://localhost:9200/syncdata/_search [status:200 request:0.009s]
curl -XGET 'http://localhost:9200/syncdata/_search?pretty' -d '{
  "fields": [
    "_timestamp",
    "_source"
  ],
  "query": {
    "filtered": {
      "filter": {
        "range": {
          "_timestamp": {
            "gt": "2015-03-01T00:05:02.039190"
          }
        }
      }
    }
  }
}'
Found in cassandra: [UUID('005fdf2e-2f69-45a0-ae66-9239d4831eab')]
Found in es: [UUID('005fdf2e-2f69-45a0-ae66-9239d4831eab'), UUID('2190f1d0-3e74-499a-9472-2b31831ddcc7')]
Conflict found in: [UUID('005fdf2e-2f69-45a0-ae66-9239d4831eab')]
id 005fdf2e-2f69-45a0-ae66-9239d4831eab es:2015-03-01T03:04:31.300000 cassandra: 2015-03-01 03:04:31.300000
Datasync started at Sun Mar  1 00:08:23 2015
Gethering database info...
Waiting for syncronization process...
Executing syncronization..
Starting new HTTP connection (1): localhost
GET http://localhost:9200/syncdata/_search [status:200 request:0.024s]
curl -XGET 'http://localhost:9200/syncdata/_search?pretty' -d '{
  "fields": [
    "_timestamp",
    "_source"
  ],
  "query": {
    "filtered": {
      "filter": {
        "range": {
          "_timestamp": {
            "gt": "2015-03-01T00:08:23.852446"
          }
        }
      }
    }
  }
}'
Found in cassandra: [UUID('005fdf2e-2f69-45a0-ae66-9239d4831eab')]
Found in es: [UUID('005fdf2e-2f69-45a0-ae66-9239d4831eab'), UUID('2190f1d0-3e74-499a-9472-2b31831ddcc7')]
Conflict found in: [UUID('005fdf2e-2f69-45a0-ae66-9239d4831eab')]
id 005fdf2e-2f69-45a0-ae66-9239d4831eab es:2015-03-01T03:04:31.300000 cassandra: 2015-03-01 03:04:31.300000
Datasync started at Sun Mar  1 00:11:15 2015
Gethering database info...
Waiting for syncronization process...
Executing syncronization..
Starting new HTTP connection (1): localhost
GET http://localhost:9200/syncdata/_search [status:200 request:0.022s]
curl -XGET 'http://localhost:9200/syncdata/_search?pretty' -d '{
  "fields": [
    "_timestamp",
    "_source"
  ],
  "query": {
    "filtered": {
      "filter": {
        "range": {
          "_timestamp": {
            "gt": "2015-03-01T03:11:16.024275"
          }
        }
      }
    }
  }
}'
Found in cassandra: []
Found in es: []
Conflict found in: []
Done syncronization! Saving current timestamp and wait...
Executing syncronization..
GET http://localhost:9200/syncdata/_search [status:200 request:0.008s]
curl -XGET 'http://localhost:9200/syncdata/_search?pretty' -d '{
  "fields": [
    "_timestamp",
    "_source"
  ],
  "query": {
    "filtered": {
      "filter": {
        "range": {
          "_timestamp": {
            "gt": "2015-03-01T03:12:16.145895"
          }
        }
      }
    }
  }
}'
Found in cassandra: [UUID('005fdf2e-2f69-45a0-ae66-9239d4831eab')]
Found in es: [UUID('005fdf2e-2f69-45a0-ae66-9239d4831eab')]
Conflict found in: [UUID('005fdf2e-2f69-45a0-ae66-9239d4831eab')]
id 005fdf2e-2f69-45a0-ae66-9239d4831eab es:2015-03-01 03:12:31 cassandra: 2015-03-01 03:12:28.634000
ES has updated info
Done syncronization! Saving current timestamp and wait...
Executing syncronization..
GET http://localhost:9200/syncdata/_search [status:200 request:0.008s]
curl -XGET 'http://localhost:9200/syncdata/_search?pretty' -d '{
  "fields": [
    "_timestamp",
    "_source"
  ],
  "query": {
    "filtered": {
      "filter": {
        "range": {
          "_timestamp": {
            "gt": "2015-03-01T03:13:16.355624"
          }
        }
      }
    }
  }
}'
Found in cassandra: []
Found in es: []
Conflict found in: []
Done syncronization! Saving current timestamp and wait...
Executing syncronization..
GET http://localhost:9200/syncdata/_search [status:200 request:0.004s]
curl -XGET 'http://localhost:9200/syncdata/_search?pretty' -d '{
  "fields": [
    "_timestamp",
    "_source"
  ],
  "query": {
    "filtered": {
      "filter": {
        "range": {
          "_timestamp": {
            "gt": "2015-03-01T03:14:16.498903"
          }
        }
      }
    }
  }
}'
Found in cassandra: []
Found in es: []
Conflict found in: []
Done syncronization! Saving current timestamp and wait...
Executing syncronization..
GET http://localhost:9200/syncdata/_search [status:200 request:0.009s]
curl -XGET 'http://localhost:9200/syncdata/_search?pretty' -d '{
  "fields": [
    "_timestamp",
    "_source"
  ],
  "query": {
    "filtered": {
      "filter": {
        "range": {
          "_timestamp": {
            "gt": "2015-03-01T03:15:16.630114"
          }
        }
      }
    }
  }
}'
Found in cassandra: [UUID('005fdf2e-2f69-45a0-ae66-9239d4831eab')]
Found in es: [UUID('005fdf2e-2f69-45a0-ae66-9239d4831eab')]
Conflict found in: [UUID('005fdf2e-2f69-45a0-ae66-9239d4831eab')]
id 005fdf2e-2f69-45a0-ae66-9239d4831eab es:2015-03-01 03:15:23 cassandra: 2015-03-01 03:15:25.662000
Cassandra has updated info
PUT http://localhost:9200/syncdata/test/005fdf2e-2f69-45a0-ae66-9239d4831eab [status:200 request:0.005s]
curl -XPUT 'http://localhost:9200/syncdata/test/005fdf2e-2f69-45a0-ae66-9239d4831eab?pretty' -d '{
  "age": 20,
  "email": "willy.lightfox",
  "name": "teste1234",
  "timestamp": "2015-03-01T03:15:25.662000"
}'
Done syncronization! Saving current timestamp and wait...
Executing syncronization..
GET http://localhost:9200/syncdata/_search [status:200 request:0.011s]
curl -XGET 'http://localhost:9200/syncdata/_search?pretty' -d '{
  "fields": [
    "_timestamp",
    "_source"
  ],
  "query": {
    "filtered": {
      "filter": {
        "range": {
          "_timestamp": {
            "gt": "2015-03-01T03:16:16.782513"
          }
        }
      }
    }
  }
}'
Found in cassandra: []
Found in es: []
Conflict found in: []
Done syncronization! Saving current timestamp and wait...
Executing syncronization..
GET http://localhost:9200/syncdata/_search [status:200 request:0.006s]
curl -XGET 'http://localhost:9200/syncdata/_search?pretty' -d '{
  "fields": [
    "_timestamp",
    "_source"
  ],
  "query": {
    "filtered": {
      "filter": {
        "range": {
          "_timestamp": {
            "gt": "2015-03-01T03:17:16.933218"
          }
        }
      }
    }
  }
}'
Found in cassandra: []
Found in es: []
Conflict found in: []
Done syncronization! Saving current timestamp and wait...
Executing syncronization..
GET http://localhost:9200/syncdata/_search [status:200 request:0.007s]
curl -XGET 'http://localhost:9200/syncdata/_search?pretty' -d '{
  "fields": [
    "_timestamp",
    "_source"
  ],
  "query": {
    "filtered": {
      "filter": {
        "range": {
          "_timestamp": {
            "gt": "2015-03-01T03:18:17.073502"
          }
        }
      }
    }
  }
}'
Found in cassandra: []
Found in es: []
Conflict found in: []
Done syncronization! Saving current timestamp and wait...
Executing syncronization..
GET http://localhost:9200/syncdata/_search [status:200 request:0.003s]
curl -XGET 'http://localhost:9200/syncdata/_search?pretty' -d '{
  "fields": [
    "_timestamp",
    "_source"
  ],
  "query": {
    "filtered": {
      "filter": {
        "range": {
          "_timestamp": {
            "gt": "2015-03-01T03:19:17.219762"
          }
        }
      }
    }
  }
}'
Found in cassandra: []
Found in es: []
Conflict found in: []
Done syncronization! Saving current timestamp and wait...
Executing syncronization..
GET http://localhost:9200/syncdata/_search [status:200 request:0.007s]
curl -XGET 'http://localhost:9200/syncdata/_search?pretty' -d '{
  "fields": [
    "_timestamp",
    "_source"
  ],
  "query": {
    "filtered": {
      "filter": {
        "range": {
          "_timestamp": {
            "gt": "2015-03-01T03:20:17.377864"
          }
        }
      }
    }
  }
}'
Found in cassandra: []
Found in es: []
Conflict found in: []
Done syncronization! Saving current timestamp and wait...
Executing syncronization..
GET http://localhost:9200/syncdata/_search [status:200 request:0.013s]
curl -XGET 'http://localhost:9200/syncdata/_search?pretty' -d '{
  "fields": [
    "_timestamp",
    "_source"
  ],
  "query": {
    "filtered": {
      "filter": {
        "range": {
          "_timestamp": {
            "gt": "2015-03-01T03:21:17.506833"
          }
        }
      }
    }
  }
}'
Found in cassandra: []
Found in es: []
Conflict found in: []
Done syncronization! Saving current timestamp and wait...
Executing syncronization..
GET http://localhost:9200/syncdata/_search [status:200 request:0.004s]
curl -XGET 'http://localhost:9200/syncdata/_search?pretty' -d '{
  "fields": [
    "_timestamp",
    "_source"
  ],
  "query": {
    "filtered": {
      "filter": {
        "range": {
          "_timestamp": {
            "gt": "2015-03-01T03:22:17.659497"
          }
        }
      }
    }
  }
}'
Found in cassandra: []
Found in es: []
Conflict found in: []
Done syncronization! Saving current timestamp and wait...
Executing syncronization..
GET http://localhost:9200/syncdata/_search [status:200 request:0.006s]
curl -XGET 'http://localhost:9200/syncdata/_search?pretty' -d '{
  "fields": [
    "_timestamp",
    "_source"
  ],
  "query": {
    "filtered": {
      "filter": {
        "range": {
          "_timestamp": {
            "gt": "2015-03-01T03:23:17.881813"
          }
        }
      }
    }
  }
}'
Found in cassandra: []
Found in es: []
Conflict found in: []
Done syncronization! Saving current timestamp and wait...
Executing syncronization..
GET http://localhost:9200/syncdata/_search [status:200 request:0.008s]
curl -XGET 'http://localhost:9200/syncdata/_search?pretty' -d '{
  "fields": [
    "_timestamp",
    "_source"
  ],
  "query": {
    "filtered": {
      "filter": {
        "range": {
          "_timestamp": {
            "gt": "2015-03-01T03:24:18.019534"
          }
        }
      }
    }
  }
}'
Found in cassandra: []
Found in es: []
Conflict found in: []
Done syncronization! Saving current timestamp and wait...
Executing syncronization..
GET http://localhost:9200/syncdata/_search [status:200 request:0.007s]
curl -XGET 'http://localhost:9200/syncdata/_search?pretty' -d '{
  "fields": [
    "_timestamp",
    "_source"
  ],
  "query": {
    "filtered": {
      "filter": {
        "range": {
          "_timestamp": {
            "gt": "2015-03-01T03:25:18.169273"
          }
        }
      }
    }
  }
}'
Found in cassandra: []
Found in es: []
Conflict found in: []
Done syncronization! Saving current timestamp and wait...
Executing syncronization..
GET http://localhost:9200/syncdata/_search [status:200 request:0.006s]
curl -XGET 'http://localhost:9200/syncdata/_search?pretty' -d '{
  "fields": [
    "_timestamp",
    "_source"
  ],
  "query": {
    "filtered": {
      "filter": {
        "range": {
          "_timestamp": {
            "gt": "2015-03-01T03:26:18.316515"
          }
        }
      }
    }
  }
}'
Found in cassandra: []
Found in es: []
Conflict found in: []
Done syncronization! Saving current timestamp and wait...
Executing syncronization..
GET http://localhost:9200/syncdata/_search [status:200 request:0.009s]
curl -XGET 'http://localhost:9200/syncdata/_search?pretty' -d '{
  "fields": [
    "_timestamp",
    "_source"
  ],
  "query": {
    "filtered": {
      "filter": {
        "range": {
          "_timestamp": {
            "gt": "2015-03-01T03:27:18.481780"
          }
        }
      }
    }
  }
}'
Found in cassandra: []
Found in es: []
Conflict found in: []
Done syncronization! Saving current timestamp and wait...
Executing syncronization..
GET http://localhost:9200/syncdata/_search [status:200 request:0.008s]
curl -XGET 'http://localhost:9200/syncdata/_search?pretty' -d '{
  "fields": [
    "_timestamp",
    "_source"
  ],
  "query": {
    "filtered": {
      "filter": {
        "range": {
          "_timestamp": {
            "gt": "2015-03-01T03:28:19.483048"
          }
        }
      }
    }
  }
}'
Found in cassandra: []
Found in es: []
Conflict found in: []
Done syncronization! Saving current timestamp and wait...
Executing syncronization..
GET http://localhost:9200/syncdata/_search [status:200 request:0.010s]
curl -XGET 'http://localhost:9200/syncdata/_search?pretty' -d '{
  "fields": [
    "_timestamp",
    "_source"
  ],
  "query": {
    "filtered": {
      "filter": {
        "range": {
          "_timestamp": {
            "gt": "2015-03-01T03:29:19.625779"
          }
        }
      }
    }
  }
}'
Found in cassandra: []
Found in es: []
Conflict found in: []
Done syncronization! Saving current timestamp and wait...
